\BOOKMARK [1][-]{section*.1}{\376\377\000R\000e\000e\000l\000l\000e\000\040\000Z\000a\000h\000l\000e\000n\000,\000\040\000E\000u\000k\000l\000i\000d\000i\000s\000c\000h\000e\000\040\000R\000\344\000u\000m\000e\000,\000\040\000K\000o\000m\000p\000l\000e\000x\000e\000\040\000Z\000a\000h\000l\000e\000n}{}% 1
\BOOKMARK [2][-]{section*.2}{\376\377\000D\000e\000r\000\040\000K\000\366\000r\000p\000e\000r\000\040\000d\000e\000r\000\040\000r\000e\000e\000l\000l\000e\000n\000\040\000Z\000a\000h\000l\000e\000n}{section*.1}% 2
\BOOKMARK [2][-]{section*.3}{\376\377\000K\000a\000r\000d\000i\000n\000a\000l\000i\000t\000\344\000t}{section*.1}% 3
\BOOKMARK [2][-]{section*.4}{\376\377\000D\000e\000r\000\040\000E\000u\000k\000l\000i\000d\000i\000s\000c\000h\000e\000\040\000R\000a\000u\000m}{section*.1}% 4
\BOOKMARK [2][-]{section*.5}{\376\377\000K\000o\000m\000p\000l\000e\000x\000e\000\040\000Z\000a\000h\000l\000e\000n}{section*.1}% 5
\BOOKMARK [1][-]{section*.6}{\376\377\000F\000o\000l\000g\000e\000n\000\040\000u\000n\000d\000\040\000R\000e\000i\000h\000e\000n}{}% 6
\BOOKMARK [2][-]{section*.7}{\376\377\000G\000r\000e\000n\000z\000w\000e\000r\000t\000\040\000e\000i\000n\000e\000r\000\040\000F\000o\000l\000g\000e}{section*.6}% 7
\BOOKMARK [2][-]{section*.8}{\376\377\000D\000e\000r\000\040\000S\000a\000t\000z\000\040\000v\000o\000n\000\040\000W\000e\000i\000e\000r\000s\000t\000r\000a\000s\000s\000\040\000u\000n\000d\000\040\000A\000n\000w\000e\000n\000d\000u\000n\000g\000e\000n}{section*.6}% 8
\BOOKMARK [2][-]{section*.9}{\376\377\000L\000i\000m\000e\000s\000\040\000s\000u\000p\000e\000r\000i\000o\000r\000\040\000u\000n\000d\000\040\000L\000i\000m\000e\000s\000\040\000i\000n\000f\000e\000r\000i\000o\000r}{section*.6}% 9
\BOOKMARK [2][-]{section*.10}{\376\377\000D\000a\000s\000\040\000C\000a\000u\000c\000h\000y\000\040\000K\000r\000i\000t\000e\000r\000i\000u\000m}{section*.6}% 10
\BOOKMARK [2][-]{section*.11}{\376\377\000D\000e\000r\000\040\000S\000a\000t\000z\000\040\000v\000o\000n\000\040\000B\000o\000l\000z\000a\000n\000o\000-\000W\000e\000i\000e\000r\000s\000t\000r\000a\000s\000s}{section*.6}% 11
\BOOKMARK [2][-]{section*.12}{\376\377\000F\000o\000l\000g\000e\000n\000\040\000i\000n\000\040\000R\000d\000\040\000u\000n\000d\000\040\000C}{section*.6}% 12
\BOOKMARK [2][-]{section*.13}{\376\377\000R\000e\000i\000h\000e\000n}{section*.6}% 13
\BOOKMARK [2][-]{section*.14}{\376\377\000D\000i\000e\000\040\000Z\000e\000t\000a\000\040\000F\000u\000n\000k\000t\000i\000o\000n}{section*.6}% 14
\BOOKMARK [2][-]{section*.15}{\376\377\000D\000o\000p\000p\000e\000l\000t\000e\000\040\000S\000u\000m\000m\000a\000t\000i\000o\000n}{section*.6}% 15
\BOOKMARK [1][-]{section*.16}{\376\377\000S\000t\000e\000t\000i\000g\000e\000\040\000F\000u\000n\000k\000t\000i\000o\000n\000e\000n}{}% 16
\BOOKMARK [2][-]{section*.17}{\376\377\000R\000e\000e\000l\000l\000w\000e\000r\000t\000i\000g\000e\000\040\000F\000u\000n\000k\000t\000i\000o\000n\000e\000n}{section*.16}% 17
\BOOKMARK [2][-]{section*.18}{\376\377\000S\000t\000e\000t\000i\000g\000k\000e\000i\000t}{section*.16}% 18
\BOOKMARK [2][-]{section*.19}{\376\377\000D\000e\000r\000\040\000Z\000w\000i\000s\000c\000h\000e\000n\000w\000e\000r\000t\000s\000a\000t\000z}{section*.16}% 19
\BOOKMARK [2][-]{section*.20}{\376\377\000D\000e\000r\000\040\000M\000i\000n\000-\000M\000a\000x\000\040\000S\000a\000t\000z}{section*.16}% 20
\BOOKMARK [2][-]{section*.21}{\376\377\000D\000e\000r\000\040\000S\000a\000t\000z\000\040\000\374\000b\000e\000r\000\040\000d\000i\000e\000\040\000U\000m\000k\000e\000h\000r\000a\000b\000b\000i\000l\000d\000u\000n\000g}{section*.16}% 21
\BOOKMARK [2][-]{section*.22}{\376\377\000D\000i\000e\000\040\000r\000e\000e\000l\000l\000e\000\040\000E\000x\000p\000o\000n\000e\000n\000t\000i\000a\000l\000f\000u\000n\000k\000t\000i\000o\000n}{section*.16}% 22
\BOOKMARK [2][-]{section*.23}{\376\377\000K\000o\000n\000v\000e\000r\000g\000e\000n\000z\000\040\000v\000o\000n\000\040\000F\000u\000n\000k\000t\000i\000o\000n\000e\000n\000f\000o\000l\000g\000e\000n}{section*.16}% 23
\BOOKMARK [2][-]{section*.24}{\376\377\000T\000r\000i\000g\000o\000n\000o\000m\000e\000t\000r\000i\000s\000c\000h\000e\000\040\000F\000u\000n\000k\000t\000i\000o\000n\000e\000n}{section*.16}% 24
\BOOKMARK [2][-]{section*.25}{\376\377\000D\000i\000e\000\040\000K\000r\000e\000i\000s\000z\000a\000h\000l\000\040}{section*.16}% 25
\BOOKMARK [2][-]{section*.26}{\376\377\000G\000r\000e\000n\000z\000w\000e\000r\000t\000e\000\040\000v\000o\000n\000\040\000F\000u\000n\000k\000t\000i\000o\000n\000e\000n}{section*.16}% 26
\BOOKMARK [1][-]{section*.27}{\376\377\000D\000i\000f\000f\000e\000r\000e\000n\000z\000i\000e\000r\000b\000a\000r\000e\000\040\000F\000u\000n\000k\000t\000i\000o\000n\000e\000n}{}% 27
\BOOKMARK [2][-]{section*.28}{\376\377\000D\000i\000e\000\040\000A\000b\000l\000e\000i\000t\000u\000n\000g\000:\000\040\000D\000e\000f\000n\000i\000t\000i\000o\000n\000\040\000u\000n\000d\000\040\000e\000l\000e\000m\000e\000n\000t\000a\000r\000e\000\040\000F\000o\000l\000g\000e\000r\000u\000n\000g\000e\000n}{section*.27}% 28
\BOOKMARK [2][-]{section*.29}{\376\377\000Z\000e\000n\000t\000r\000a\000l\000e\000\040\000S\000\344\000t\000z\000e\000\040\000\374\000b\000e\000r\000\040\000d\000i\000e\000\040\000\050\000e\000r\000s\000t\000e\000\051\000\040\000A\000b\000l\000e\000i\000t\000u\000n\000g}{section*.27}% 29
\BOOKMARK [2][-]{section*.30}{\376\377\000H\000\366\000h\000e\000r\000e\000\040\000A\000b\000l\000e\000i\000t\000u\000n\000g\000e\000n}{section*.27}% 30
\BOOKMARK [2][-]{section*.31}{\376\377\000P\000o\000t\000e\000n\000z\000r\000e\000i\000h\000e\000n\000\040\000u\000n\000d\000\040\000T\000a\000y\000l\000o\000r\000\040\000A\000p\000p\000r\000o\000x\000i\000m\000a\000t\000i\000o\000n}{section*.27}% 31
\BOOKMARK [1][-]{section*.32}{\376\377\000D\000a\000s\000\040\000R\000i\000e\000m\000a\000n\000n\000\040\000I\000n\000t\000e\000g\000r\000a\000l}{}% 32
\BOOKMARK [2][-]{section*.33}{\376\377\000D\000e\000f\000n\000i\000t\000i\000o\000n\000\040\000u\000n\000d\000\040\000I\000n\000t\000e\000g\000r\000a\000b\000i\000l\000i\000t\000\344\000t\000s\000k\000r\000i\000t\000e\000r\000i\000e\000n}{section*.32}% 33
\BOOKMARK [2][-]{section*.34}{\376\377\000I\000n\000t\000e\000g\000r\000i\000e\000r\000b\000a\000r\000e\000\040\000F\000u\000n\000k\000t\000i\000o\000n\000e\000n}{section*.32}% 34
\BOOKMARK [2][-]{section*.35}{\376\377\000U\000n\000g\000l\000e\000i\000c\000h\000u\000n\000g\000e\000n\000\040\000u\000n\000d\000\040\000d\000e\000r\000\040\000M\000i\000t\000t\000e\000l\000w\000e\000r\000t\000s\000a\000t\000z}{section*.32}% 35
\BOOKMARK [2][-]{section*.36}{\376\377\000D\000e\000r\000\040\000F\000u\000n\000d\000a\000m\000e\000n\000t\000a\000l\000s\000a\000t\000z\000\040\000d\000e\000r\000\040\000D\000i\000f\000f\000e\000r\000e\000n\000t\000i\000a\000l\000r\000e\000c\000h\000n\000u\000n\000g}{section*.32}% 36
\BOOKMARK [2][-]{section*.37}{\376\377\000I\000n\000t\000e\000g\000r\000a\000t\000i\000o\000n\000\040\000k\000o\000n\000v\000e\000r\000g\000e\000n\000t\000e\000r\000\040\000R\000e\000i\000h\000e\000n}{section*.32}% 37
\BOOKMARK [2][-]{section*.38}{\376\377\000E\000u\000l\000e\000r\000-\000M\000c\000L\000a\000u\000r\000i\000n\000\040\000S\000u\000m\000m\000a\000t\000i\000o\000n\000s\000f\000o\000r\000m\000e\000l}{section*.32}% 38
\BOOKMARK [2][-]{section*.39}{\376\377\000S\000t\000i\000r\000l\000i\000n\000g\000'\000s\000c\000h\000e\000\040\000F\000o\000r\000m\000e\000l}{section*.32}% 39
\BOOKMARK [2][-]{section*.40}{\376\377\000U\000n\000e\000i\000g\000e\000n\000t\000l\000i\000c\000h\000e\000\040\000I\000n\000t\000e\000g\000r\000a\000l\000e}{section*.32}% 40
\BOOKMARK [2][-]{section*.41}{\376\377\000D\000i\000e\000\040\000G\000a\000m\000m\000a\000\040\000F\000u\000n\000k\000t\000i\000o\000n}{section*.32}% 41
\BOOKMARK [2][-]{section*.42}{\376\377\000D\000a\000s\000\040\000u\000n\000b\000e\000s\000t\000i\000m\000m\000t\000e\000\040\000I\000n\000t\000e\000g\000r\000a\000l}{section*.32}% 42
\BOOKMARK [2][-]{section*.43}{\376\377\000S\000t\000a\000m\000m\000f\000u\000n\000k\000t\000i\000o\000n\000e\000n\000\040\000v\000o\000n\000\040\000r\000a\000t\000i\000o\000n\000a\000l\000e\000n\000\040\000F\000u\000n\000k\000t\000i\000o\000n\000e\000n}{section*.32}% 43
\BOOKMARK [2][-]{section*.44}{\376\377\000D\000e\000r\000\040\000B\000i\000n\000o\000m\000i\000a\000l\000s\000a\000t\000z}{section*.32}% 44
\BOOKMARK [1][-]{section*.45}{\376\377\000S\000c\000h\000n\000e\000l\000l\000\040\000N\000o\000t\000i\000z\000e\000n}{}% 45
\BOOKMARK [1][-]{section*.46}{\376\377\000O\000r\000d\000i\000n\000a\000r\000y\000\040\000d\000i\000f\000f\000e\000r\000e\000n\000t\000i\000a\000l\000\040\000e\000q\000u\000a\000t\000i\000o\000n\000s}{}% 46
\BOOKMARK [2][-]{section*.47}{\376\377\000L\000i\000n\000e\000a\000r\000\040\000d\000i\000f\000f\000e\000r\000e\000n\000t\000i\000a\000l\000\040\000e\000q\000u\000a\000t\000i\000o\000n\000s}{section*.46}% 47
\BOOKMARK [2][-]{section*.48}{\376\377\000L\000i\000n\000e\000a\000r\000\040\000d\000i\000f\000f\000e\000r\000e\000n\000t\000i\000a\000l\000\040\000e\000q\000u\000a\000t\000i\000o\000n\000s\000\040\000o\000f\000\040\000o\000r\000d\000e\000r\000\040\0001}{section*.46}% 48
\BOOKMARK [2][-]{section*.49}{\376\377\000W\000e\000l\000l\000-\000f\000o\000u\000n\000d\000e\000d\000\040\000g\000u\000e\000s\000s\000i\000n\000g}{section*.46}% 49
\BOOKMARK [2][-]{section*.50}{\376\377\000L\000i\000n\000e\000a\000r\000\040\000d\000i\000f\000f\000e\000r\000e\000n\000t\000i\000a\000l\000\040\000e\000q\000u\000a\000t\000i\000o\000n\000s\000\040\000w\000i\000t\000h\000\040\000c\000o\000n\000s\000t\000a\000n\000t\000\040\000c\000o\000e\000f\000f\000i\000c\000i\000e\000n\000t\000s}{section*.46}% 50
\BOOKMARK [1][-]{section*.51}{\376\377\000D\000i\000f\000f\000e\000r\000e\000n\000t\000i\000a\000l\000\040\000c\000a\000l\000c\000u\000l\000u\000s\000\040\000i\000n\000\040\000R\000n}{}% 51
\BOOKMARK [2][-]{section*.52}{\376\377\000C\000o\000n\000t\000i\000n\000u\000i\000t\000y\000\040\000i\000n\000\040\000R\000n}{section*.51}% 52
\BOOKMARK [2][-]{section*.53}{\376\377\000P\000a\000r\000t\000i\000a\000l\000\040\000d\000e\000r\000i\000v\000a\000t\000i\000v\000e\000s}{section*.51}% 53
\BOOKMARK [2][-]{section*.54}{\376\377\000T\000h\000e\000\040\000d\000i\000f\000f\000e\000r\000e\000n\000t\000i\000a\000l}{section*.51}% 54
\BOOKMARK [2][-]{section*.55}{\376\377\000H\000i\000g\000h\000e\000r\000\040\000d\000e\000r\000i\000v\000a\000t\000i\000v\000e\000s}{section*.51}% 55
\BOOKMARK [2][-]{section*.56}{\376\377\000T\000a\000y\000l\000o\000r\000\040\000p\000o\000l\000y\000n\000o\000m\000i\000a\000l\000s}{section*.51}% 56
\BOOKMARK [2][-]{section*.57}{\376\377\000C\000r\000i\000t\000i\000c\000a\000l\000\040\000p\000o\000i\000n\000t\000s}{section*.51}% 57
\BOOKMARK [2][-]{section*.58}{\376\377\000L\000a\000g\000r\000a\000n\000g\000e\000\040\000m\000u\000l\000t\000i\000p\000l\000i\000e\000r\000s}{section*.51}% 58
\BOOKMARK [1][-]{section*.59}{\376\377\000I\000n\000t\000e\000g\000r\000a\000t\000i\000o\000n\000\040\000i\000n\000\040\000R\000n}{}% 59
\BOOKMARK [2][-]{section*.60}{\376\377\000L\000i\000n\000e\000\040\000i\000n\000t\000e\000g\000r\000a\000l\000s}{section*.59}% 60
\BOOKMARK [2][-]{section*.61}{\376\377\000T\000h\000e\000\040\000R\000i\000e\000m\000a\000n\000n\000\040\000i\000n\000t\000e\000g\000r\000a\000l\000\040\000i\000n\000\040\000R\000n}{section*.59}% 61
\BOOKMARK [2][-]{section*.62}{\376\377\000T\000h\000e\000\040\000G\000r\000e\000e\000n\000\040\000f\000o\000r\000m\000u\000l\000a}{section*.59}% 62
